1612554153843	geckodriver	INFO	Listening on 127.0.0.1:42239
1612554156029	mozrunner::runner	INFO	Running command: "/usr/bin/firefox" "--marionette" "-foreground" "-no-remote" "-profile" "/tmp/rust_mozprofile1uu27Z"
1612554161010	Marionette	INFO	Listening on port 42859
1612554161169	Marionette	WARN	TLS certificate errors will be ignored for this session
1612554161228	Marionette	ERROR	[16] No reply from Marionette:Register
JavaScript error: , line 0: NotFoundError: No such JSWindowActor 'MarionetteEvents'
JavaScript error: , line 0: NotFoundError: No such JSWindowActor 'MarionetteEvents'
1612554188690	Marionette	WARN	TimedPromise timed out after 500 ms: stacktrace:
TimedPromise/<@chrome://marionette/content/sync.js:235:19
TimedPromise@chrome://marionette/content/sync.js:220:10
interaction.flushEventLoop@chrome://marionette/content/interaction.js:418:10
webdriverClickElement@chrome://marionette/content/interaction.js:179:31
1612554209023	Marionette	INFO	Stopped listening on port 42859

###!!! [Parent][RunMessage] Error: Channel closing: too late to send/recv, messages will be lost

1612554454890	geckodriver	INFO	Listening on 127.0.0.1:55815
1612554457179	mozrunner::runner	INFO	Running command: "/usr/bin/firefox" "--marionette" "-foreground" "-no-remote" "-profile" "/tmp/rust_mozprofileW1pphj"
1612554462806	Marionette	INFO	Listening on port 45219
1612554462889	Marionette	WARN	TLS certificate errors will be ignored for this session
1612554462907	Marionette	ERROR	[16] No reply from Marionette:Register
JavaScript error: , line 0: NotFoundError: No such JSWindowActor 'MarionetteEvents'
JavaScript error: , line 0: NotFoundError: No such JSWindowActor 'MarionetteEvents'
JavaScript error: resource://gre/modules/ExtensionContent.jsm, line 613: TypeError: context.contentWindow is null
1612554491041	Marionette	WARN	TimedPromise timed out after 500 ms: stacktrace:
TimedPromise/<@chrome://marionette/content/sync.js:235:19
TimedPromise@chrome://marionette/content/sync.js:220:10
interaction.flushEventLoop@chrome://marionette/content/interaction.js:418:10
webdriverClickElement@chrome://marionette/content/interaction.js:179:31
1612554511355	Marionette	INFO	Stopped listening on port 45219
1612555232955	geckodriver	INFO	Listening on 127.0.0.1:38347
1612555235279	mozrunner::runner	INFO	Running command: "/usr/bin/firefox" "--marionette" "-foreground" "-no-remote" "-profile" "/tmp/rust_mozprofileQ0R3rF"
1612555240416	Marionette	INFO	Listening on port 36515
1612555240495	Marionette	WARN	TLS certificate errors will be ignored for this session
1612555240522	Marionette	ERROR	[16] No reply from Marionette:Register
JavaScript error: resource://gre/modules/ExtensionContent.jsm, line 568: TypeError: PrecompiledScript.executeInGlobal: Argument 1 is not an object.
JavaScript error: , line 0: NotFoundError: No such JSWindowActor 'MarionetteEvents'
JavaScript error: , line 0: NotFoundError: No such JSWindowActor 'MarionetteEvents'
1612555269999	Marionette	WARN	TimedPromise timed out after 500 ms: stacktrace:
TimedPromise/<@chrome://marionette/content/sync.js:235:19
TimedPromise@chrome://marionette/content/sync.js:220:10
interaction.flushEventLoop@chrome://marionette/content/interaction.js:418:10
webdriverClickElement@chrome://marionette/content/interaction.js:179:31
1612555290329	Marionette	INFO	Stopped listening on port 36515
1612555629380	geckodriver	INFO	Listening on 127.0.0.1:58043
1612555633336	mozrunner::runner	INFO	Running command: "/usr/bin/firefox" "--marionette" "-foreground" "-no-remote" "-profile" "/tmp/rust_mozprofile4HjRtg"
1612555640409	Marionette	INFO	Listening on port 40133
1612555640913	Marionette	WARN	TLS certificate errors will be ignored for this session
1612555640986	Marionette	ERROR	[16] No reply from Marionette:Register
JavaScript error: resource://gre/modules/ExtensionContent.jsm, line 568: TypeError: PrecompiledScript.executeInGlobal: Argument 1 is not an object.
JavaScript error: , line 0: NotFoundError: No such JSWindowActor 'MarionetteEvents'
JavaScript error: , line 0: NotFoundError: No such JSWindowActor 'MarionetteEvents'
1612555668734	Marionette	WARN	TimedPromise timed out after 500 ms: stacktrace:
TimedPromise/<@chrome://marionette/content/sync.js:235:19
TimedPromise@chrome://marionette/content/sync.js:220:10
interaction.flushEventLoop@chrome://marionette/content/interaction.js:418:10
webdriverClickElement@chrome://marionette/content/interaction.js:179:31
1612555689044	Marionette	INFO	Stopped listening on port 40133
1612556332196	geckodriver	INFO	Listening on 127.0.0.1:33617
1612556335177	mozrunner::runner	INFO	Running command: "/usr/bin/firefox" "--marionette" "-foreground" "-no-remote" "-profile" "/tmp/rust_mozprofileKaJCQ5"
1612556340847	Marionette	INFO	Listening on port 33727
1612556341174	Marionette	WARN	TLS certificate errors will be ignored for this session
1612556341210	Marionette	ERROR	[16] No reply from Marionette:Register
JavaScript error: , line 0: NotFoundError: No such JSWindowActor 'MarionetteEvents'
JavaScript error: , line 0: NotFoundError: No such JSWindowActor 'MarionetteEvents'
JavaScript error: resource://gre/modules/ExtensionContent.jsm, line 613: TypeError: context.contentWindow is null
1612556368030	Marionette	WARN	TimedPromise timed out after 500 ms: stacktrace:
TimedPromise/<@chrome://marionette/content/sync.js:235:19
TimedPromise@chrome://marionette/content/sync.js:220:10
interaction.flushEventLoop@chrome://marionette/content/interaction.js:418:10
webdriverClickElement@chrome://marionette/content/interaction.js:179:31
1612556388339	Marionette	INFO	Stopped listening on port 33727

###!!! [Parent][RunMessage] Error: Channel closing: too late to send/recv, messages will be lost

1612556712514	geckodriver	INFO	Listening on 127.0.0.1:37227
1612556714391	mozrunner::runner	INFO	Running command: "/usr/bin/firefox" "--marionette" "-foreground" "-no-remote" "-profile" "/tmp/rust_mozprofile3KoF8O"
1612556719407	Marionette	INFO	Listening on port 37447
1612556719522	Marionette	WARN	TLS certificate errors will be ignored for this session
1612556719552	Marionette	ERROR	[16] No reply from Marionette:Register
JavaScript error: , line 0: NotFoundError: No such JSWindowActor 'MarionetteEvents'
JavaScript error: , line 0: NotFoundError: No such JSWindowActor 'MarionetteEvents'
JavaScript error: resource://gre/modules/ExtensionContent.jsm, line 613: TypeError: context.contentWindow is null
1612556747395	Marionette	WARN	TimedPromise timed out after 500 ms: stacktrace:
TimedPromise/<@chrome://marionette/content/sync.js:235:19
TimedPromise@chrome://marionette/content/sync.js:220:10
interaction.flushEventLoop@chrome://marionette/content/interaction.js:418:10
webdriverClickElement@chrome://marionette/content/interaction.js:179:31
1612556767701	Marionette	INFO	Stopped listening on port 37447

###!!! [Parent][RunMessage] Error: Channel closing: too late to send/recv, messages will be lost

1612556839654	geckodriver	INFO	Listening on 127.0.0.1:35563
1612556841534	mozrunner::runner	INFO	Running command: "/usr/bin/firefox" "--marionette" "-foreground" "-no-remote" "-profile" "/tmp/rust_mozprofilee5l9bl"
1612556846743	Marionette	INFO	Listening on port 44141
1612556846813	Marionette	WARN	TLS certificate errors will be ignored for this session
1612556846851	Marionette	ERROR	[16] No reply from Marionette:Register
JavaScript error: , line 0: NotFoundError: No such JSWindowActor 'MarionetteEvents'
JavaScript error: , line 0: NotFoundError: No such JSWindowActor 'MarionetteEvents'
JavaScript error: resource://gre/modules/ExtensionContent.jsm, line 613: TypeError: context.contentWindow is null
1612556874381	Marionette	WARN	TimedPromise timed out after 500 ms: stacktrace:
TimedPromise/<@chrome://marionette/content/sync.js:235:19
TimedPromise@chrome://marionette/content/sync.js:220:10
interaction.flushEventLoop@chrome://marionette/content/interaction.js:418:10
webdriverClickElement@chrome://marionette/content/interaction.js:179:31
1612556894750	Marionette	INFO	Stopped listening on port 44141
1612556994541	geckodriver	INFO	Listening on 127.0.0.1:46723
1612556996386	mozrunner::runner	INFO	Running command: "/usr/bin/firefox" "--marionette" "-foreground" "-no-remote" "-profile" "/tmp/rust_mozprofileHUXrUH"
1612557002129	Marionette	INFO	Listening on port 43781
1612557002241	Marionette	WARN	TLS certificate errors will be ignored for this session
1612557002300	Marionette	ERROR	[16] No reply from Marionette:Register
JavaScript error: , line 0: NotFoundError: No such JSWindowActor 'MarionetteEvents'
JavaScript error: , line 0: NotFoundError: No such JSWindowActor 'MarionetteEvents'
JavaScript error: resource://gre/modules/ExtensionContent.jsm, line 613: TypeError: context.contentWindow is null
1612557029515	Marionette	WARN	TimedPromise timed out after 500 ms: stacktrace:
TimedPromise/<@chrome://marionette/content/sync.js:235:19
TimedPromise@chrome://marionette/content/sync.js:220:10
interaction.flushEventLoop@chrome://marionette/content/interaction.js:418:10
webdriverClickElement@chrome://marionette/content/interaction.js:179:31
1612557049890	Marionette	INFO	Stopped listening on port 43781
1612557154567	geckodriver	INFO	Listening on 127.0.0.1:35515
1612557156529	mozrunner::runner	INFO	Running command: "/usr/bin/firefox" "--marionette" "-foreground" "-no-remote" "-profile" "/tmp/rust_mozprofilezKzFDX"
1612557161751	Marionette	INFO	Listening on port 41319
1612557161876	Marionette	WARN	TLS certificate errors will be ignored for this session
1612557161911	Marionette	ERROR	[16] No reply from Marionette:Register
JavaScript error: , line 0: NotFoundError: No such JSWindowActor 'MarionetteEvents'
JavaScript error: , line 0: NotFoundError: No such JSWindowActor 'MarionetteEvents'
JavaScript error: resource://gre/modules/ExtensionContent.jsm, line 613: TypeError: context.contentWindow is null
1612557190128	Marionette	WARN	TimedPromise timed out after 500 ms: stacktrace:
TimedPromise/<@chrome://marionette/content/sync.js:235:19
TimedPromise@chrome://marionette/content/sync.js:220:10
interaction.flushEventLoop@chrome://marionette/content/interaction.js:418:10
webdriverClickElement@chrome://marionette/content/interaction.js:179:31
1612557210533	Marionette	INFO	Stopped listening on port 41319
1612557269662	geckodriver	INFO	Listening on 127.0.0.1:38289
1612557274290	mozrunner::runner	INFO	Running command: "/usr/bin/firefox" "--marionette" "-foreground" "-no-remote" "-profile" "/tmp/rust_mozprofileySQbbr"
1612557283555	Marionette	INFO	Listening on port 40341
1612557285080	Marionette	WARN	TLS certificate errors will be ignored for this session
1612557285217	Marionette	ERROR	[16] No reply from Marionette:Register
JavaScript error: , line 0: NotFoundError: No such JSWindowActor 'MarionetteEvents'
JavaScript error: , line 0: NotFoundError: No such JSWindowActor 'MarionetteEvents'
JavaScript error: resource://gre/modules/ExtensionContent.jsm, line 613: TypeError: context.contentWindow is null
1612557314779	Marionette	WARN	TimedPromise timed out after 500 ms: stacktrace:
TimedPromise/<@chrome://marionette/content/sync.js:235:19
TimedPromise@chrome://marionette/content/sync.js:220:10
interaction.flushEventLoop@chrome://marionette/content/interaction.js:418:10
webdriverClickElement@chrome://marionette/content/interaction.js:179:31
1612557334908	Marionette	INFO	Stopped listening on port 40341
1612557825850	geckodriver	INFO	Listening on 127.0.0.1:58397
1612557830517	mozrunner::runner	INFO	Running command: "/usr/bin/firefox" "--marionette" "-foreground" "-no-remote" "-profile" "/tmp/rust_mozprofileinUBP9"
1612557838611	Marionette	INFO	Listening on port 39005
1612557839127	Marionette	WARN	TLS certificate errors will be ignored for this session
1612557839182	Marionette	ERROR	[16] No reply from Marionette:Register
JavaScript error: resource://gre/modules/addons/XPIProvider.jsm, line 216: NotFoundError: No such JSWindowActor 'MarionetteEvents'
JavaScript error: resource://gre/modules/addons/XPIProvider.jsm, line 216: NotFoundError: No such JSWindowActor 'MarionetteEvents'
JavaScript error: resource://gre/modules/addons/XPIProvider.jsm, line 216: NotFoundError: No such JSWindowActor 'MarionetteEvents'
JavaScript error: resource://gre/modules/addons/XPIProvider.jsm, line 216: NotFoundError: No such JSWindowActor 'MarionetteEvents'
1612557850242	Marionette	WARN	TimedPromise timed out after 500 ms: stacktrace:
TimedPromise/<@chrome://marionette/content/sync.js:235:19
TimedPromise@chrome://marionette/content/sync.js:220:10
interaction.flushEventLoop@chrome://marionette/content/interaction.js:418:10
webdriverClickElement@chrome://marionette/content/interaction.js:179:31
JavaScript error: resource://gre/modules/ExtensionContent.jsm, line 613: TypeError: context.contentWindow is null
1612557873023	Marionette	WARN	TimedPromise timed out after 500 ms: stacktrace:
TimedPromise/<@chrome://marionette/content/sync.js:235:19
TimedPromise@chrome://marionette/content/sync.js:220:10
interaction.flushEventLoop@chrome://marionette/content/interaction.js:418:10
webdriverClickElement@chrome://marionette/content/interaction.js:179:31
1612557893476	Marionette	INFO	Stopped listening on port 39005
1612557922066	geckodriver	INFO	Listening on 127.0.0.1:51195
1612557927984	mozrunner::runner	INFO	Running command: "/usr/bin/firefox" "--marionette" "-foreground" "-no-remote" "-profile" "/tmp/rust_mozprofileOW9FYj"
1612557935610	Marionette	INFO	Listening on port 35153
1612557935906	Marionette	WARN	TLS certificate errors will be ignored for this session
1612557935997	Marionette	ERROR	[16] No reply from Marionette:Register
JavaScript error: resource://gre/modules/addons/XPIProvider.jsm, line 216: NotFoundError: No such JSWindowActor 'MarionetteEvents'
JavaScript error: resource://gre/modules/addons/XPIProvider.jsm, line 216: NotFoundError: No such JSWindowActor 'MarionetteEvents'
JavaScript error: resource://gre/modules/addons/XPIProvider.jsm, line 216: NotFoundError: No such JSWindowActor 'MarionetteEvents'
JavaScript error: resource://gre/modules/addons/XPIProvider.jsm, line 216: NotFoundError: No such JSWindowActor 'MarionetteEvents'
JavaScript error: resource://gre/modules/ExtensionContent.jsm, line 613: TypeError: context.contentWindow is null
1612557970572	Marionette	WARN	TimedPromise timed out after 500 ms: stacktrace:
TimedPromise/<@chrome://marionette/content/sync.js:235:19
TimedPromise@chrome://marionette/content/sync.js:220:10
interaction.flushEventLoop@chrome://marionette/content/interaction.js:418:10
webdriverClickElement@chrome://marionette/content/interaction.js:179:31
1612557990358	Marionette	INFO	Stopped listening on port 35153
1612558412752	geckodriver	INFO	Listening on 127.0.0.1:42677
1612558415775	mozrunner::runner	INFO	Running command: "/usr/bin/firefox" "--marionette" "-foreground" "-no-remote" "-profile" "/tmp/rust_mozprofilecmM69r"
1612558420977	Marionette	INFO	Listening on port 34331
1612558421266	Marionette	WARN	TLS certificate errors will be ignored for this session
1612558421341	Marionette	ERROR	[16] No reply from Marionette:Register
JavaScript error: , line 0: NotFoundError: No such JSWindowActor 'MarionetteEvents'
JavaScript error: , line 0: NotFoundError: No such JSWindowActor 'MarionetteEvents'
JavaScript error: , line 0: NotFoundError: No such JSWindowActor 'MarionetteEvents'
JavaScript error: , line 0: NotFoundError: No such JSWindowActor 'MarionetteEvents'
1612558451206	Marionette	WARN	TimedPromise timed out after 500 ms: stacktrace:
TimedPromise/<@chrome://marionette/content/sync.js:235:19
TimedPromise@chrome://marionette/content/sync.js:220:10
interaction.flushEventLoop@chrome://marionette/content/interaction.js:418:10
webdriverClickElement@chrome://marionette/content/interaction.js:179:31
1612558471518	Marionette	INFO	Stopped listening on port 34331
1612560334901	geckodriver	INFO	Listening on 127.0.0.1:38605
1612560336907	mozrunner::runner	INFO	Running command: "/usr/bin/firefox" "--marionette" "-foreground" "-no-remote" "-profile" "/tmp/rust_mozprofilemymVYi"
1612560341401	Marionette	INFO	Listening on port 41219
1612560341536	Marionette	WARN	TLS certificate errors will be ignored for this session
1612560341587	Marionette	ERROR	[16] No reply from Marionette:Register
JavaScript error: , line 0: NotFoundError: No such JSWindowActor 'MarionetteEvents'
JavaScript error: , line 0: NotFoundError: No such JSWindowActor 'MarionetteEvents'
JavaScript error: resource://gre/modules/ExtensionContent.jsm, line 613: TypeError: context.contentWindow is null
1612560369464	Marionette	WARN	TimedPromise timed out after 500 ms: stacktrace:
TimedPromise/<@chrome://marionette/content/sync.js:235:19
TimedPromise@chrome://marionette/content/sync.js:220:10
interaction.flushEventLoop@chrome://marionette/content/interaction.js:418:10
webdriverClickElement@chrome://marionette/content/interaction.js:179:31
1612560389675	Marionette	INFO	Stopped listening on port 41219
1612560684192	geckodriver	INFO	Listening on 127.0.0.1:46667
1612560686524	mozrunner::runner	INFO	Running command: "/usr/bin/firefox" "--marionette" "-foreground" "-no-remote" "-profile" "/tmp/rust_mozprofileIFgFLf"
1612560690927	Marionette	INFO	Listening on port 41803
1612560691014	Marionette	WARN	TLS certificate errors will be ignored for this session
1612560691052	Marionette	ERROR	[16] No reply from Marionette:Register
JavaScript error: , line 0: NotFoundError: No such JSWindowActor 'MarionetteEvents'
JavaScript error: , line 0: NotFoundError: No such JSWindowActor 'MarionetteEvents'
JavaScript error: , line 0: NotFoundError: No such JSWindowActor 'MarionetteEvents'
JavaScript error: , line 0: NotFoundError: No such JSWindowActor 'MarionetteEvents'
JavaScript error: resource://gre/modules/ExtensionContent.jsm, line 613: TypeError: context.contentWindow is null
1612560719453	Marionette	WARN	TimedPromise timed out after 500 ms: stacktrace:
TimedPromise/<@chrome://marionette/content/sync.js:235:19
TimedPromise@chrome://marionette/content/sync.js:220:10
interaction.flushEventLoop@chrome://marionette/content/interaction.js:418:10
webdriverClickElement@chrome://marionette/content/interaction.js:179:31
1612560772166	Marionette	INFO	Stopped listening on port 41803
1612560775116	geckodriver	INFO	Listening on 127.0.0.1:33885
1612560777526	mozrunner::runner	INFO	Running command: "/usr/bin/firefox" "--marionette" "-foreground" "-no-remote" "-profile" "/tmp/rust_mozprofile09Rnkd"
1612560782230	Marionette	INFO	Listening on port 33203
1612560782332	Marionette	WARN	TLS certificate errors will be ignored for this session
1612560782372	Marionette	ERROR	[16] No reply from Marionette:Register
JavaScript error: , line 0: NotFoundError: No such JSWindowActor 'MarionetteEvents'
JavaScript error: , line 0: NotFoundError: No such JSWindowActor 'MarionetteEvents'
JavaScript error: resource://gre/modules/ExtensionContent.jsm, line 613: TypeError: context.contentWindow is null
1612560819618	Marionette	WARN	TimedPromise timed out after 500 ms: stacktrace:
TimedPromise/<@chrome://marionette/content/sync.js:235:19
TimedPromise@chrome://marionette/content/sync.js:220:10
interaction.flushEventLoop@chrome://marionette/content/interaction.js:418:10
webdriverClickElement@chrome://marionette/content/interaction.js:179:31
1612560849933	Marionette	INFO	Stopped listening on port 33203
1612561103248	geckodriver	INFO	Listening on 127.0.0.1:55177
1612561106526	mozrunner::runner	INFO	Running command: "/usr/bin/firefox" "--marionette" "-foreground" "-no-remote" "-profile" "/tmp/rust_mozprofilekDAHKc"
1612561111276	Marionette	INFO	Listening on port 45863
1612561111672	Marionette	WARN	TLS certificate errors will be ignored for this session
1612561111735	Marionette	ERROR	[16] No reply from Marionette:Register
JavaScript error: , line 0: NotFoundError: No such JSWindowActor 'MarionetteEvents'
JavaScript error: , line 0: NotFoundError: No such JSWindowActor 'MarionetteEvents'
JavaScript error: , line 0: NotFoundError: No such JSWindowActor 'MarionetteEvents'
JavaScript error: , line 0: NotFoundError: No such JSWindowActor 'MarionetteEvents'
1612561151617	Marionette	WARN	TimedPromise timed out after 500 ms: stacktrace:
TimedPromise/<@chrome://marionette/content/sync.js:235:19
TimedPromise@chrome://marionette/content/sync.js:220:10
interaction.flushEventLoop@chrome://marionette/content/interaction.js:418:10
webdriverClickElement@chrome://marionette/content/interaction.js:179:31
1612561181953	Marionette	INFO	Stopped listening on port 45863
1612561329025	geckodriver	INFO	Listening on 127.0.0.1:36751
1612561330927	mozrunner::runner	INFO	Running command: "/usr/bin/firefox" "--marionette" "-foreground" "-no-remote" "-profile" "/tmp/rust_mozprofileEqZw02"
1612561335061	Marionette	INFO	Listening on port 43365
1612561335317	Marionette	WARN	TLS certificate errors will be ignored for this session
1612561335371	Marionette	ERROR	[16] No reply from Marionette:Register
JavaScript error: , line 0: NotFoundError: No such JSWindowActor 'MarionetteEvents'
JavaScript error: , line 0: NotFoundError: No such JSWindowActor 'MarionetteEvents'
1612561341655	Marionette	WARN	TimedPromise timed out after 500 ms: stacktrace:
TimedPromise/<@chrome://marionette/content/sync.js:235:19
TimedPromise@chrome://marionette/content/sync.js:220:10
interaction.flushEventLoop@chrome://marionette/content/interaction.js:418:10
webdriverClickElement@chrome://marionette/content/interaction.js:179:31
JavaScript error: resource://gre/modules/ExtensionContent.jsm, line 613: TypeError: context.contentWindow is null
1612561373952	Marionette	WARN	TimedPromise timed out after 500 ms: stacktrace:
TimedPromise/<@chrome://marionette/content/sync.js:235:19
TimedPromise@chrome://marionette/content/sync.js:220:10
interaction.flushEventLoop@chrome://marionette/content/interaction.js:418:10
webdriverClickElement@chrome://marionette/content/interaction.js:179:31
1612561404293	Marionette	INFO	Stopped listening on port 43365
1612561638997	geckodriver	INFO	Listening on 127.0.0.1:56965
1612561641366	mozrunner::runner	INFO	Running command: "/usr/bin/firefox" "--marionette" "-foreground" "-no-remote" "-profile" "/tmp/rust_mozprofileMR7PrW"
1612561645710	Marionette	INFO	Listening on port 33335
1612561645915	Marionette	WARN	TLS certificate errors will be ignored for this session
1612561645958	Marionette	ERROR	[16] No reply from Marionette:Register
JavaScript error: , line 0: NotFoundError: No such JSWindowActor 'MarionetteEvents'
JavaScript error: , line 0: NotFoundError: No such JSWindowActor 'MarionetteEvents'
JavaScript error: resource://gre/modules/ExtensionContent.jsm, line 613: TypeError: context.contentWindow is null
1612561651957	Marionette	WARN	TimedPromise timed out after 500 ms: stacktrace:
TimedPromise/<@chrome://marionette/content/sync.js:235:19
TimedPromise@chrome://marionette/content/sync.js:220:10
interaction.flushEventLoop@chrome://marionette/content/interaction.js:418:10
webdriverClickElement@chrome://marionette/content/interaction.js:179:31
1612561684065	Marionette	WARN	TimedPromise timed out after 500 ms: stacktrace:
TimedPromise/<@chrome://marionette/content/sync.js:235:19
TimedPromise@chrome://marionette/content/sync.js:220:10
interaction.flushEventLoop@chrome://marionette/content/interaction.js:418:10
webdriverClickElement@chrome://marionette/content/interaction.js:179:31
1612561714336	Marionette	INFO	Stopped listening on port 33335
1612561889334	geckodriver	INFO	Listening on 127.0.0.1:42763
1612561891568	mozrunner::runner	INFO	Running command: "/usr/bin/firefox" "--marionette" "-foreground" "-no-remote" "-profile" "/tmp/rust_mozprofilei8TT0L"
1612561896483	Marionette	INFO	Listening on port 41281
1612561896564	Marionette	WARN	TLS certificate errors will be ignored for this session
1612561896615	Marionette	ERROR	[16] No reply from Marionette:Register
JavaScript error: resource://gre/modules/ExtensionContent.jsm, line 568: TypeError: PrecompiledScript.executeInGlobal: Argument 1 is not an object.
JavaScript error: , line 0: NotFoundError: No such JSWindowActor 'MarionetteEvents'
JavaScript error: , line 0: NotFoundError: No such JSWindowActor 'MarionetteEvents'
1612561933337	Marionette	WARN	TimedPromise timed out after 500 ms: stacktrace:
TimedPromise/<@chrome://marionette/content/sync.js:235:19
TimedPromise@chrome://marionette/content/sync.js:220:10
interaction.flushEventLoop@chrome://marionette/content/interaction.js:418:10
webdriverClickElement@chrome://marionette/content/interaction.js:179:31
1612561963134	Marionette	INFO	Stopped listening on port 41281
1612562532543	geckodriver	INFO	Listening on 127.0.0.1:56589
1612562534665	mozrunner::runner	INFO	Running command: "/usr/bin/firefox" "--marionette" "-foreground" "-no-remote" "-profile" "/tmp/rust_mozprofile95p9lU"
1612562538655	Marionette	INFO	Listening on port 38769
1612562538799	Marionette	WARN	TLS certificate errors will be ignored for this session
1612562538862	Marionette	ERROR	[16] No reply from Marionette:Register
JavaScript error: , line 0: NotFoundError: No such JSWindowActor 'MarionetteEvents'
JavaScript error: , line 0: NotFoundError: No such JSWindowActor 'MarionetteEvents'
1612562575474	Marionette	WARN	TimedPromise timed out after 500 ms: stacktrace:
TimedPromise/<@chrome://marionette/content/sync.js:235:19
TimedPromise@chrome://marionette/content/sync.js:220:10
interaction.flushEventLoop@chrome://marionette/content/interaction.js:418:10
webdriverClickElement@chrome://marionette/content/interaction.js:179:31
1612562605822	Marionette	INFO	Stopped listening on port 38769

###!!! [Parent][RunMessage] Error: Channel closing: too late to send/recv, messages will be lost

1612562720309	geckodriver	INFO	Listening on 127.0.0.1:59671
1612562721812	mozrunner::runner	INFO	Running command: "/usr/bin/firefox" "--marionette" "-foreground" "-no-remote" "-profile" "/tmp/rust_mozprofileE13kiX"
1612562725118	Marionette	INFO	Listening on port 46869
1612562725451	Marionette	WARN	TLS certificate errors will be ignored for this session
1612562725480	Marionette	ERROR	[16] No reply from Marionette:Register
JavaScript error: , line 0: NotFoundError: No such JSWindowActor 'MarionetteEvents'
JavaScript error: , line 0: NotFoundError: No such JSWindowActor 'MarionetteEvents'
JavaScript error: resource://gre/modules/ExtensionContent.jsm, line 613: TypeError: context.contentWindow is null
1612562761630	Marionette	WARN	TimedPromise timed out after 500 ms: stacktrace:
TimedPromise/<@chrome://marionette/content/sync.js:235:19
TimedPromise@chrome://marionette/content/sync.js:220:10
interaction.flushEventLoop@chrome://marionette/content/interaction.js:418:10
webdriverClickElement@chrome://marionette/content/interaction.js:179:31
1612562792132	Marionette	INFO	Stopped listening on port 46869
1612563035714	geckodriver	INFO	Listening on 127.0.0.1:37299
1612563037206	mozrunner::runner	INFO	Running command: "/usr/bin/firefox" "--marionette" "-foreground" "-no-remote" "-profile" "/tmp/rust_mozprofile9BQwt4"
1612563040303	Marionette	INFO	Listening on port 42419
1612563040371	Marionette	WARN	TLS certificate errors will be ignored for this session
1612563040411	Marionette	ERROR	[16] No reply from Marionette:Register
JavaScript error: , line 0: NotFoundError: No such JSWindowActor 'MarionetteEvents'
JavaScript error: , line 0: NotFoundError: No such JSWindowActor 'MarionetteEvents'
1612563076566	Marionette	WARN	TimedPromise timed out after 500 ms: stacktrace:
TimedPromise/<@chrome://marionette/content/sync.js:235:19
TimedPromise@chrome://marionette/content/sync.js:220:10
interaction.flushEventLoop@chrome://marionette/content/interaction.js:418:10
webdriverClickElement@chrome://marionette/content/interaction.js:179:31
1612563106764	Marionette	INFO	Stopped listening on port 42419

###!!! [Parent][RunMessage] Error: Channel closing: too late to send/recv, messages will be lost

1612563271675	geckodriver	INFO	Listening on 127.0.0.1:52639
1612563273267	mozrunner::runner	INFO	Running command: "/usr/bin/firefox" "--marionette" "-foreground" "-no-remote" "-profile" "/tmp/rust_mozprofileelftU8"
1612563276892	Marionette	INFO	Listening on port 46823
1612563276957	Marionette	WARN	TLS certificate errors will be ignored for this session
1612563276975	Marionette	ERROR	[16] No reply from Marionette:Register
JavaScript error: resource://gre/modules/ExtensionContent.jsm, line 568: TypeError: PrecompiledScript.executeInGlobal: Argument 1 is not an object.
JavaScript error: , line 0: NotFoundError: No such JSWindowActor 'MarionetteEvents'
JavaScript error: , line 0: NotFoundError: No such JSWindowActor 'MarionetteEvents'
1612563312948	Marionette	WARN	TimedPromise timed out after 500 ms: stacktrace:
TimedPromise/<@chrome://marionette/content/sync.js:235:19
TimedPromise@chrome://marionette/content/sync.js:220:10
interaction.flushEventLoop@chrome://marionette/content/interaction.js:418:10
webdriverClickElement@chrome://marionette/content/interaction.js:179:31
1612563343001	Marionette	INFO	Stopped listening on port 46823
1612563369647	geckodriver	INFO	Listening on 127.0.0.1:50597
1612563371244	mozrunner::runner	INFO	Running command: "/usr/bin/firefox" "--marionette" "-foreground" "-no-remote" "-profile" "/tmp/rust_mozprofilePrK34h"
1612563374834	Marionette	INFO	Listening on port 40775
1612563374961	Marionette	WARN	TLS certificate errors will be ignored for this session
1612563374991	Marionette	ERROR	[16] No reply from Marionette:Register
JavaScript error: moz-extension://c42e5160-789d-4e07-b0a8-3e408fe4bb9d/assets/prompt.js, line 1: SyntaxError: redeclaration of let nextPromptResult
JavaScript error: , line 0: NotFoundError: No such JSWindowActor 'MarionetteEvents'
JavaScript error: , line 0: NotFoundError: No such JSWindowActor 'MarionetteEvents'
1612563411704	Marionette	WARN	TimedPromise timed out after 500 ms: stacktrace:
TimedPromise/<@chrome://marionette/content/sync.js:235:19
TimedPromise@chrome://marionette/content/sync.js:220:10
interaction.flushEventLoop@chrome://marionette/content/interaction.js:418:10
webdriverClickElement@chrome://marionette/content/interaction.js:179:31
1612563441457	Marionette	INFO	Stopped listening on port 40775
